[2018-03-07 19:07:16] START
[2018-03-07 19:08:52] CREATE db_tcf.py: 0
[2018-03-07 19:09:02] EDIT tcf/models/db_tcf.py: 23
[2018-03-07 19:12:49] EDIT tcf/models/db_tcf.py: 1
[2018-03-07 19:15:28] EDIT tcf/models/db_tcf.py: -6
[2018-03-07 19:15:37] EDIT tcf/models/db_tcf.py: 0
[2018-03-07 19:16:28] EDIT tcf/models/db_tcf.py: 0
[2018-03-07 19:19:57] EDIT tcf/models/db_tcf.py: 0
[2018-03-07 19:20:20] EDIT tcf/models/db_tcf.py: 0
[2018-03-07 19:20:52] EDIT tcf/models/db_tcf.py: 0
[2018-03-07 19:22:43] EDIT tcf/models/db_tcf.py: 2
[2018-03-07 19:26:23] EDIT tcf/models/db_tcf.py: 3
[2018-03-07 19:26:48] EDIT tcf/models/db_tcf.py: 1
[2018-03-07 19:27:08] EDIT tcf/models/db_tcf.py: 1
[2018-03-07 19:30:26] EDIT tcf/models/db_tcf.py: 0
[2018-03-07 19:31:22] EDIT tcf/models/db_tcf.py: 0
[2018-03-07 19:31:40] EDIT tcf/models/db_tcf.py: 0
[2018-03-07 19:32:13] EDIT tcf/models/db_tcf.py: 0
[2018-03-07 19:45:02] EDIT tcf/models/db_tcf.py: 0
[2018-03-07 19:58:34] EDIT tcf/models/db_tcf.py: 0
[2018-03-07 19:59:23] EDIT tcf/models/menu.py: -87
[2018-03-07 20:00:06] EDIT tcf/models/db_tcf.py: 0
[2018-03-07 20:00:52] EDIT tcf/models/db_tcf.py: 0
[2018-03-07 20:01:49] EDIT tcf/models/menu.py: 1
[2018-03-07 20:02:15] EDIT tcf/models/menu.py: 0
[2018-03-07 20:02:50] EDIT tcf/models/menu.py: 0
[2018-03-07 20:05:18] EDIT tcf/views/default/index.html: 9
[2018-03-07 20:06:57] EDIT tcf/views/default/index.html: -11
[2018-03-07 20:09:35] EDIT tcf/controllers/default.py: 0
[2018-03-07 20:09:58] EDIT tcf/controllers/default.py: 0
[2018-03-07 20:11:52] EDIT tcf/views/layout.html: 0
[2018-03-07 20:13:02] EDIT tcf/models/menu.py: 0
[2018-03-07 20:13:54] EDIT tcf/views/layout.html: 0
[2018-03-07 20:23:54] EDIT tcf/views/layout.html: 2
[2018-03-07 20:24:23] EDIT tcf/views/layout.html: 0
[2018-03-07 20:24:40] EDIT tcf/views/layout.html: 0
[2018-03-07 20:30:52] EDIT tcf/views/layout.html: 1
[2018-03-07 20:35:02] EDIT tcf/views/layout.html: 0
[2018-03-07 20:35:38] EDIT tcf/models/menu.py: -1
[2018-03-07 20:46:35] EDIT tcf/views/layout.html: 0
[2018-03-08 21:30:25] EDIT tcf/controllers/default.py: 7
[2018-03-08 21:30:40] EDIT tcf/controllers/default.py: 0
[2018-03-08 21:31:36] EDIT tcf/controllers/default.py: 0
[2018-03-08 21:36:43] EDIT tcf/views/default/index.html: 6
[2018-03-08 21:39:59] EDIT tcf/views/default/index.html: 345
[2018-03-08 21:40:42] EDIT tcf/views/default/index.html: -1
[2018-03-08 21:41:53] EDIT tcf/views/default/index.html: -3
[2018-03-08 21:44:01] EDIT tcf/models/db_tcf.py: 0
[2018-03-08 21:44:49] EDIT tcf/models/db_tcf.py: 0
[2018-03-08 21:45:55] EDIT tcf/models/db_tcf.py: 0
[2018-03-08 21:50:06] EDIT tcf/views/default/index.html: -9
[2018-03-08 21:51:33] EDIT tcf/models/db_tcf.py: 0
[2018-03-08 21:51:50] EDIT tcf/models/db_tcf.py: 0
[2018-03-08 21:52:09] EDIT tcf/models/db_tcf.py: 0
[2018-03-08 22:02:42] EDIT tcf/controllers/default.py: 0
[2018-03-08 22:03:04] EDIT tcf/controllers/default.py: 0
[2018-03-08 22:07:46] EDIT tcf/views/default/index.html: -82
[2018-03-08 22:09:34] EDIT tcf/views/default/index.html: 0
[2018-03-08 22:12:52] EDIT tcf/controllers/default.py: 2
[2018-03-09 19:08:40] EDIT tcf/views/layout.html: 0
[2018-03-09 19:14:01] EDIT tcf/views/default/index.html: -1
[2018-03-09 19:14:55] EDIT tcf/views/default/index.html: -17
[2018-03-09 19:16:30] EDIT tcf/views/default/index.html: -1
[2018-03-09 19:16:41] EDIT tcf/views/default/index.html: 0
[2018-03-09 19:17:04] EDIT tcf/views/default/index.html: -1
[2018-03-09 19:21:05] EDIT tcf/controllers/default.py: 4
[2018-03-09 20:22:20] EDIT tcf/views/default/index.html: 0
[2018-03-09 20:24:13] EDIT tcf/views/default/index.html: -1
[2018-03-09 20:25:14] EDIT tcf/controllers/default.py: 0
[2018-03-10 16:52:49] EDIT tcf/views/default/index.html: 0
[2018-03-10 16:53:08] EDIT tcf/views/default/index.html: 0
[2018-03-10 16:53:32] EDIT tcf/views/default/index.html: 0
[2018-03-10 16:53:56] EDIT tcf/views/default/index.html: 0
[2018-03-10 16:54:13] EDIT tcf/views/default/index.html: 0
[2018-03-10 16:54:37] EDIT tcf/views/default/index.html: 0
[2018-03-10 16:54:59] EDIT tcf/views/default/index.html: 0
[2018-03-10 16:55:25] EDIT tcf/views/default/index.html: 0
[2018-03-10 16:55:25] EDIT tcf/views/default/index.html: 0
[2018-03-10 17:33:00] EDIT tcf/views/default/index.html: 0
[2018-03-10 17:34:08] EDIT tcf/controllers/default.py: 12
[2018-03-10 17:34:50] CREATE default/prenotazioni.html: 0
[2018-03-10 17:35:11] EDIT tcf/views/default/prenotazioni.html: 268
[2018-03-10 17:46:28] EDIT tcf/views/default/prenotazioni.html: 1
[2018-03-10 17:46:47] EDIT tcf/views/default/prenotazioni.html: 0
[2018-03-10 17:47:05] EDIT tcf/views/default/prenotazioni.html: 0
[2018-03-10 17:48:37] EDIT tcf/views/default/prenotazioni.html: 0
[2018-03-10 17:51:40] EDIT tcf/views/default/prenotazioni.html: 1
[2018-03-10 17:52:16] EDIT tcf/views/default/prenotazioni.html: 0
[2018-03-10 17:53:41] EDIT tcf/views/default/prenotazioni.html: 1
[2018-03-10 17:54:01] EDIT tcf/views/default/prenotazioni.html: 0
[2018-03-10 17:54:26] EDIT tcf/views/default/prenotazioni.html: 0
[2018-03-10 17:54:42] EDIT tcf/views/default/prenotazioni.html: 0
[2018-03-10 17:56:47] EDIT tcf/views/default/prenotazioni.html: 0
[2018-03-10 18:03:17] EDIT tcf/views/default/prenotazioni.html: -1
[2018-03-10 18:08:02] EDIT tcf/controllers/default.py: 2
[2018-03-10 18:14:49] EDIT tcf/views/default/prenotazioni.html: 0
[2018-03-10 18:16:58] EDIT tcf/views/default/prenotazioni.html: -1
[2018-03-10 19:46:06] EDIT tcf/private/appconfig.ini: 0
[2018-03-10 20:04:33] EDIT tcf/models/db.py: 1
[2018-03-10 20:10:03] EDIT tcf/models/db.py: 0
[2018-03-10 20:13:42] EDIT tcf/models/db.py: 4
[2018-03-10 20:13:50] EDIT tcf/models/db.py: 0
[2018-03-10 20:15:44] EDIT tcf/models/db.py: 1
[2018-03-10 20:18:46] EDIT tcf/views/layout.html: 0
[2018-03-10 20:22:30] EDIT tcf/models/db.py: -1
[2018-03-10 20:23:29] EDIT tcf/models/db.py: 1
[2018-03-10 20:25:22] EDIT tcf/models/db.py: 0
[2018-03-10 20:35:11] EDIT tcf/models/db.py: 0
[2018-03-10 20:37:59] EDIT tcf/views/layout.html: 0
[2018-03-11 08:29:12] EDIT tcf/views/layout.html: 0
[2018-03-11 09:19:56] EDIT tcf/models/menu.py: 17
[2018-03-11 09:20:32] EDIT tcf/models/menu.py: -1
[2018-03-11 09:21:15] EDIT tcf/models/menu.py: -1
[2018-03-11 09:29:50] EDIT tcf/models/db.py: 1
[2018-03-11 09:36:12] EDIT tcf/views/default/prenotazioni.html: -3
[2018-03-11 09:37:29] EDIT tcf/controllers/default.py: 0
[2018-03-11 09:37:53] EDIT tcf/controllers/default.py: 0
[2018-03-11 09:39:35] EDIT tcf/views/default/prenotazioni.html: 0
[2018-03-11 09:39:51] EDIT tcf/views/default/prenotazioni.html: 0
[2018-03-11 09:40:06] EDIT tcf/views/default/prenotazioni.html: 0
[2018-03-11 09:48:47] EDIT tcf/views/default/prenotazioni.html: 0
[2018-03-11 09:55:45] EDIT tcf/controllers/default.py: 1
[2018-03-11 10:12:39] EDIT tcf/controllers/default.py: 49
[2018-03-11 10:13:53] EDIT tcf/controllers/default.py: 3
[2018-03-11 10:14:05] EDIT tcf/models/db.py: -1
[2018-03-11 10:16:48] EDIT tcf/controllers/default.py: 7
[2018-03-11 10:18:50] EDIT tcf/controllers/default.py: 0
[2018-03-11 10:32:20] EDIT tcf/controllers/default.py: 2
[2018-03-11 10:33:36] EDIT tcf/controllers/default.py: 0
[2018-03-11 10:38:18] EDIT tcf/views/default/prenotazioni.html: 0
[2018-03-11 10:56:08] EDIT tcf/views/default/prenotazioni.html: 0
[2018-03-11 11:00:15] EDIT tcf/models/db_tcf.py: 1
[2018-03-11 11:01:03] EDIT tcf/models/db_tcf.py: 0
[2018-03-11 11:01:42] EDIT tcf/views/default/prenotazioni.html: 0
[2018-03-11 11:07:52] EDIT tcf/controllers/default.py: 4
[2018-03-11 11:08:00] EDIT tcf/controllers/default.py: 0
[2018-03-11 11:08:17] EDIT tcf/controllers/default.py: 0
[2018-03-11 11:10:26] EDIT tcf/controllers/default.py: 0
[2018-03-11 11:11:21] EDIT tcf/controllers/default.py: 1
[2018-03-11 11:16:08] EDIT tcf/controllers/default.py: 1
[2018-03-11 11:21:28] EDIT tcf/controllers/default.py: 1
[2018-03-11 11:24:43] EDIT tcf/views/default/prenotazioni.html: 0
[2018-03-11 11:29:10] EDIT tcf/views/default/prenotazioni.html: 0
[2018-03-11 13:56:13] EDIT tcf/controllers/default.py: 0
[2018-03-11 14:01:38] EDIT tcf/models/db_tcf.py: 0
[2018-03-11 14:09:14] EDIT tcf/controllers/default.py: -1
[2018-03-11 14:09:59] EDIT tcf/controllers/default.py: 1
[2018-03-11 14:27:26] EDIT tcf/controllers/default.py: 0
[2018-03-11 14:28:43] EDIT tcf/views/default/prenotazioni.html: 0
[2018-03-11 14:32:33] EDIT tcf/models/db_tcf.py: 0
[2018-03-11 14:34:46] CREATE default/nuovo_evento.html: 0
[2018-03-11 14:35:30] EDIT tcf/views/default/nuovo_evento.html: -1
[2018-03-11 14:43:59] EDIT tcf/controllers/default.py: 0
[2018-03-11 14:45:17] EDIT tcf/controllers/default.py: 0
[2018-03-11 14:46:15] EDIT tcf/controllers/default.py: 0
[2018-03-11 14:47:00] EDIT tcf/controllers/default.py: 0
[2018-03-11 14:47:50] EDIT tcf/controllers/default.py: 0
[2018-03-11 14:56:39] EDIT tcf/controllers/default.py: 0
[2018-03-11 14:57:50] EDIT tcf/controllers/default.py: 0
[2018-03-11 15:05:56] EDIT tcf/controllers/default.py: 1
[2018-03-11 15:09:27] EDIT tcf/controllers/default.py: 1
[2018-03-11 15:10:07] EDIT tcf/controllers/default.py: 0
[2018-03-11 15:11:26] EDIT tcf/controllers/default.py: 0
[2018-03-11 15:26:35] EDIT tcf/controllers/default.py: 3
[2018-03-11 15:27:52] EDIT tcf/controllers/default.py: 0
[2018-03-11 15:29:52] EDIT tcf/models/db.py: 1
[2018-03-11 15:30:20] EDIT tcf/models/db.py: 0
[2018-03-11 15:35:58] EDIT tcf/models/db_tcf.py: 1
[2018-03-11 15:37:14] EDIT tcf/views/default/prenotazioni.html: 1
[2018-03-11 15:38:36] EDIT tcf/controllers/default.py: 2
[2018-03-11 15:45:05] EDIT tcf/controllers/default.py: 6
[2018-03-11 16:10:48] EDIT tcf/controllers/default.py: -3
[2018-03-11 20:07:31] EDIT tcf/controllers/default.py: 5
[2018-03-11 20:10:00] EDIT tcf/controllers/default.py: 0
[2018-03-11 20:10:38] EDIT tcf/controllers/default.py: 0
[2018-03-11 20:11:49] EDIT tcf/controllers/default.py: 0
[2018-03-11 20:12:26] EDIT tcf/controllers/default.py: 0
[2018-03-11 20:12:50] EDIT tcf/controllers/default.py: 0
[2018-03-11 20:18:14] EDIT tcf/controllers/default.py: 0
[2018-03-11 20:19:39] EDIT tcf/controllers/default.py: 2
[2018-03-11 20:22:04] EDIT tcf/controllers/default.py: 1
[2018-03-11 20:36:01] EDIT tcf/controllers/default.py: 3
[2018-03-11 20:38:17] EDIT tcf/controllers/default.py: 3
[2018-03-11 20:50:35] EDIT tcf/controllers/default.py: 0
[2018-03-11 20:50:46] EDIT tcf/controllers/default.py: 0
[2018-03-11 20:50:52] EDIT tcf/controllers/default.py: 0
[2018-03-11 20:53:58] EDIT tcf/views/default/prenotazioni.html: 1
[2018-03-11 20:55:34] EDIT tcf/controllers/default.py: 0
[2018-03-11 20:55:49] EDIT tcf/controllers/default.py: 0
[2018-03-12 19:20:43] EDIT tcf/controllers/default.py: 0
[2018-03-12 19:21:02] EDIT tcf/views/default/prenotazioni.html: 0
[2018-03-12 19:25:18] EDIT tcf/views/default/prenotazioni.html: 1
[2018-03-12 19:25:30] EDIT tcf/views/default/prenotazioni.html: 0
[2018-03-12 19:28:45] EDIT tcf/views/default/prenotazioni.html: 1
[2018-03-12 19:38:24] EDIT tcf/controllers/default.py: 10
[2018-03-12 19:39:11] CREATE default/mostra_evento.html: 0
[2018-03-12 19:39:36] EDIT tcf/views/default/mostra_evento.html: 0
[2018-03-12 19:58:26] EDIT tcf/models/db.py: 0
[2018-03-12 19:59:01] EDIT tcf/models/db.py: 0
[2018-03-12 20:14:24] EDIT tcf/models/db.py: 0
[2018-03-12 20:14:49] EDIT tcf/models/db.py: 0
[2018-03-12 20:20:20] EDIT tcf/models/db.py: 0
[2018-03-12 20:23:11] EDIT tcf/models/db.py: 0
[2018-03-12 20:23:26] EDIT tcf/models/db.py: 0
[2018-03-12 20:25:54] EDIT tcf/models/db.py: 0
[2018-03-12 20:26:25] EDIT tcf/models/db.py: 0
[2018-03-12 20:26:52] EDIT tcf/models/db.py: 0
[2018-03-12 20:27:20] EDIT tcf/models/db.py: 0
[2018-03-12 20:27:36] EDIT tcf/models/db.py: 0
[2018-03-12 20:29:56] EDIT tcf/models/db.py: 0
[2018-03-12 20:30:28] EDIT tcf/models/db.py: 0
[2018-03-12 20:31:09] EDIT tcf/models/db.py: 0
[2018-03-12 20:33:43] EDIT tcf/controllers/default.py: 1
[2018-03-12 20:34:24] EDIT tcf/controllers/default.py: 0
[2018-03-12 20:38:17] EDIT tcf/controllers/default.py: 0
[2018-03-12 20:43:02] EDIT tcf/controllers/default.py: 0
[2018-03-12 20:51:43] EDIT tcf/controllers/default.py: 2
[2018-03-12 20:52:30] EDIT tcf/controllers/default.py: 0
[2018-03-12 20:53:07] EDIT tcf/models/db_tcf.py: 0
[2018-03-12 20:54:18] EDIT tcf/controllers/default.py: 0
[2018-03-12 20:54:29] EDIT tcf/controllers/default.py: 0
[2018-03-12 20:54:36] EDIT tcf/controllers/default.py: 0
[2018-03-12 20:55:49] EDIT tcf/controllers/default.py: 0
[2018-03-12 20:56:33] EDIT tcf/controllers/default.py: 1
[2018-03-12 20:57:15] EDIT tcf/controllers/default.py: 0
[2018-03-13 20:27:48] EDIT tcf/controllers/default.py: 25
[2018-03-13 20:28:16] EDIT tcf/controllers/default.py: 0
[2018-03-13 20:28:22] EDIT tcf/controllers/default.py: 0
[2018-03-13 20:29:59] EDIT tcf/controllers/default.py: -2
[2018-03-13 20:31:58] EDIT tcf/controllers/default.py: 1
[2018-03-13 20:32:52] EDIT tcf/controllers/default.py: 0
[2018-03-13 20:34:18] EDIT tcf/controllers/default.py: 1
[2018-03-13 20:35:07] EDIT tcf/controllers/default.py: 0
[2018-03-13 20:35:34] EDIT tcf/controllers/default.py: 0
[2018-03-13 20:37:58] EDIT tcf/views/default/prenotazioni.html: 0
[2018-03-13 20:39:29] EDIT tcf/views/default/prenotazioni.html: 0
[2018-03-13 20:42:34] EDIT tcf/views/default/prenotazioni.html: 0
[2018-03-13 20:44:02] EDIT tcf/views/default/prenotazioni.html: 0
[2018-03-13 20:45:26] EDIT tcf/views/default/prenotazioni.html: 0
[2018-03-13 20:46:45] EDIT tcf/views/default/prenotazioni.html: 0
[2018-03-13 20:59:21] EDIT tcf/views/default/prenotazioni.html: 1
[2018-03-13 21:04:05] EDIT tcf/views/default/prenotazioni.html: 0
[2018-03-13 21:11:51] EDIT tcf/controllers/default.py: 25
[2018-03-13 21:12:59] EDIT tcf/controllers/default.py: 0
[2018-03-13 21:20:12] EDIT tcf/controllers/default.py: 19
[2018-03-13 21:20:59] EDIT tcf/controllers/default.py: 0
[2018-03-13 21:29:49] EDIT tcf/controllers/default.py: -7
[2018-03-13 21:30:24] EDIT tcf/controllers/default.py: 0
[2018-03-13 21:30:47] EDIT tcf/controllers/default.py: 0
[2018-03-13 21:34:56] EDIT tcf/controllers/default.py: 0
[2018-03-14 19:33:33] EDIT tcf/controllers/default.py: 14
[2018-03-14 19:35:59] EDIT tcf/controllers/default.py: 0
[2018-03-14 19:37:33] CREATE default/prenotazioni_socio.html: 0
[2018-03-14 19:37:50] EDIT tcf/views/default/prenotazioni_socio.html: 2
[2018-03-14 19:41:15] EDIT tcf/views/default/index.html: 6
[2018-03-14 19:59:39] EDIT tcf/controllers/default.py: 5
[2018-03-14 20:03:30] EDIT tcf/views/default/index.html: 1
[2018-03-14 20:11:43] EDIT tcf/views/default/index.html: 1
[2018-03-14 20:17:24] EDIT tcf/views/default/index.html: -184
[2018-03-14 20:18:42] EDIT tcf/views/default/index.html: 2
[2018-03-14 20:19:20] EDIT tcf/views/default/index.html: 0
[2018-03-14 20:24:05] EDIT tcf/models/db.py: 0
[2018-03-14 20:29:39] EDIT tcf/models/db.py: 0
[2018-03-14 20:34:52] EDIT tcf/models/db.py: 0
[2018-03-14 20:36:05] EDIT tcf/models/db.py: 0
[2018-03-14 20:46:28] EDIT tcf/controllers/default.py: 1
[2018-03-14 20:48:35] EDIT tcf/controllers/default.py: 1
[2018-03-14 20:49:09] EDIT tcf/controllers/default.py: 0
[2018-03-14 20:50:14] EDIT tcf/controllers/default.py: 0
[2018-03-14 20:52:46] EDIT tcf/views/default/index.html: 3
[2018-03-14 20:53:32] EDIT tcf/views/default/prenotazioni.html: 3
[2018-03-14 20:56:31] EDIT tcf/controllers/default.py: 0
[2018-03-14 20:57:05] EDIT tcf/controllers/default.py: 1
[2018-03-14 21:12:36] EDIT tcf/views/default/index.html: 7
[2018-03-14 21:12:42] EDIT tcf/views/default/index.html: 0
[2018-03-14 21:49:50] CREATE default/soci.html: 0
[2018-03-14 21:50:05] EDIT tcf/views/default/soci.html: -1
[2018-03-14 21:54:01] CREATE default/nuovo_evento.load: 0
[2018-03-14 21:58:52] CREATE default/modifica_evento.html: 0
[2018-03-14 21:59:07] EDIT tcf/views/default/modifica_evento.html: -1
[2018-03-15 19:57:45] EDIT tcf/controllers/default.py: 2
[2018-03-15 20:01:59] EDIT tcf/models/db.py: 0
[2018-03-15 20:09:01] EDIT tcf/models/db.py: 0
[2018-03-15 20:11:58] EDIT tcf/controllers/default.py: 0
[2018-03-15 20:12:42] EDIT tcf/controllers/default.py: 0
[2018-03-15 20:14:44] EDIT tcf/views/default/nuovo_evento.load: -19
[2018-03-15 20:17:08] EDIT tcf/models/db.py: 0
[2018-03-15 20:17:47] EDIT tcf/models/db.py: 0
[2018-03-15 20:25:31] EDIT tcf/views/default/prenotazioni.html: 0
[2018-03-15 20:26:00] EDIT tcf/views/default/prenotazioni.html: 0
[2018-03-15 20:26:15] EDIT tcf/views/default/prenotazioni.html: 0
[2018-03-15 20:26:33] EDIT tcf/views/default/prenotazioni.html: 0
[2018-03-15 20:26:47] EDIT tcf/views/default/prenotazioni.html: 0
[2018-03-15 20:27:29] EDIT tcf/views/default/index.html: 0
[2018-03-15 20:33:31] EDIT tcf/controllers/default.py: 0
[2018-03-15 20:35:03] EDIT tcf/controllers/default.py: 0
[2018-03-15 20:35:11] EDIT tcf/controllers/default.py: 0
[2018-03-15 20:36:03] EDIT tcf/controllers/default.py: 0
[2018-03-15 20:36:23] EDIT tcf/controllers/default.py: 0
[2018-03-15 20:36:56] EDIT tcf/controllers/default.py: 0
[2018-03-15 20:37:03] EDIT tcf/controllers/default.py: 0
[2018-03-15 20:37:25] EDIT tcf/controllers/default.py: 0
[2018-03-15 20:37:55] EDIT tcf/controllers/default.py: 0
[2018-03-15 20:38:17] EDIT tcf/controllers/default.py: 0
[2018-03-15 20:44:03] EDIT tcf/controllers/default.py: 0
[2018-03-15 20:44:34] EDIT tcf/controllers/default.py: 0
[2018-03-15 20:46:14] EDIT tcf/controllers/default.py: 0
[2018-03-15 20:46:58] EDIT tcf/controllers/default.py: 0
[2018-03-15 20:47:59] EDIT tcf/controllers/default.py: 0
[2018-03-15 20:49:00] EDIT tcf/controllers/default.py: 0
[2018-03-15 20:50:05] EDIT tcf/controllers/default.py: 0
[2018-03-15 20:50:19] EDIT tcf/controllers/default.py: 0
[2018-03-15 20:50:42] EDIT tcf/controllers/default.py: 0
[2018-03-15 20:51:07] EDIT tcf/controllers/default.py: 0
[2018-03-15 20:51:44] EDIT tcf/controllers/default.py: 0
[2018-03-15 20:52:16] EDIT tcf/controllers/default.py: 0
[2018-03-15 20:52:45] EDIT tcf/controllers/default.py: 0
[2018-03-15 20:53:27] EDIT tcf/controllers/default.py: 0
[2018-03-15 20:53:44] EDIT tcf/controllers/default.py: 0
[2018-03-15 20:54:14] EDIT tcf/controllers/default.py: 0
[2018-03-15 20:54:52] EDIT tcf/controllers/default.py: 0
[2018-03-15 20:56:47] EDIT tcf/controllers/default.py: 0
[2018-03-15 21:06:06] EDIT tcf/controllers/default.py: 0
[2018-03-15 21:06:26] EDIT tcf/controllers/default.py: 0
[2018-03-15 21:09:06] EDIT tcf/controllers/default.py: 0
[2018-03-15 21:09:30] EDIT tcf/controllers/default.py: 0
[2018-03-15 21:11:05] EDIT tcf/views/default/prenotazioni.html: 1
[2018-03-15 21:11:31] EDIT tcf/views/default/prenotazioni.html: 0
[2018-03-15 21:12:04] EDIT tcf/views/default/prenotazioni.html: 0
[2018-03-15 23:04:52] EDIT tcf/models/db.py: 2
[2018-03-16 18:52:15] EDIT tcf/models/db.py: 0
[2018-03-16 19:22:43] EDIT tcf/models/db.py: 0
[2018-03-16 19:23:09] EDIT tcf/models/db_tcf.py: 0
[2018-03-16 19:23:28] EDIT tcf/models/menu.py: 0
[2018-03-16 19:24:17] EDIT tcf/controllers/default.py: 0
[2018-03-16 19:36:16] EDIT tcf/controllers/default.py: 0
[2018-03-16 19:40:41] EDIT tcf/models/menu.py: 8
[2018-03-16 19:41:31] EDIT tcf/models/menu.py: 0
[2018-03-16 19:47:38] EDIT tcf/models/db.py: 1
[2018-03-16 19:53:36] EDIT tcf/views/default/user.html: 0
[2018-03-16 19:54:37] EDIT tcf/views/default/user.html: 0
[2018-03-16 20:00:24] EDIT tcf/models/db.py: 0
[2018-03-16 20:10:58] EDIT tcf/models/db.py: 0
[2018-03-16 20:16:20] EDIT tcf/views/layout.html: 2
[2018-03-16 20:28:00] CREATE default/about.html: 0
[2018-03-16 20:28:14] CREATE default/license.html: 0
[2018-03-16 20:29:28] EDIT tcf/controllers/default.py: 2
[2018-03-16 20:29:55] EDIT tcf/controllers/default.py: 2
[2018-03-16 20:30:58] EDIT tcf/views/default/about.html: 4
[2018-03-16 20:33:50] EDIT tcf/views/default/about.html: 0
[2018-03-16 20:34:41] EDIT tcf/views/default/about.html: 0
[2018-03-16 20:35:32] EDIT tcf/views/default/about.html: 0
[2018-03-16 20:36:05] EDIT tcf/views/default/about.html: 0
[2018-03-16 20:36:23] EDIT tcf/views/default/about.html: 0
[2018-03-16 20:38:21] EDIT tcf/views/default/license.html: 0
[2018-03-16 20:40:11] EDIT tcf/views/default/license.html: 9
[2018-03-16 20:45:26] EDIT tcf/views/default/license.html: 567
[2018-03-16 20:48:11] EDIT tcf/views/default/license.html: -3
[2018-03-16 20:48:50] EDIT tcf/views/default/license.html: 0
[2018-03-16 20:50:32] EDIT tcf/views/default/about.html: 0
[2018-03-16 20:51:02] EDIT tcf/views/default/about.html: 0
[2018-03-16 20:55:33] EDIT tcf/views/default/license.html: -43
[2018-03-16 20:56:05] EDIT tcf/views/default/license.html: 1
[2018-03-16 20:56:50] EDIT tcf/views/default/license.html: 0
[2018-03-16 20:57:23] EDIT tcf/controllers/default.py: 0
[2018-03-16 20:57:53] EDIT tcf/views/default/about.html: 0
[2018-03-16 20:59:10] EDIT tcf/views/default/about.html: 0
[2018-03-16 20:59:38] EDIT tcf/views/default/license.html: 0
[2018-03-16 21:00:50] EDIT tcf/views/default/about.html: -2
[2018-03-16 21:01:22] EDIT tcf/views/default/about.html: 0
[2018-03-16 21:02:44] EDIT tcf/views/default/about.html: 0
[2018-03-16 21:03:08] EDIT tcf/views/default/about.html: 0
[2018-03-16 21:04:41] EDIT tcf/views/default/about.html: 0
[2018-03-16 21:12:34] EDIT tcf/models/menu.py: 1
[2018-03-16 21:12:58] EDIT tcf/controllers/default.py: 2
[2018-03-16 21:13:15] CREATE default/privacy.html: 0
[2018-03-16 21:14:14] EDIT tcf/views/default/privacy.html: 49
[2018-03-16 21:15:23] EDIT tcf/controllers/default.py: 0
[2018-03-16 21:15:47] EDIT tcf/controllers/default.py: 0
[2018-03-17 15:02:59] EDIT tcf/views/default/license.html: 0
[2018-03-17 15:04:45] EDIT tcf/views/default/privacy.html: 0
[2018-03-17 15:08:47] EDIT tcf/views/default/index.html: 0
[2018-03-17 15:08:54] EDIT tcf/controllers/default.py: 0
[2018-03-17 15:09:52] EDIT tcf/controllers/default.py: 0
[2018-03-17 15:10:11] EDIT tcf/controllers/default.py: 0
[2018-03-17 15:12:03] EDIT tcf/controllers/default.py: 0
[2018-03-17 21:20:04] EDIT tcf/controllers/default.py: 1
[2018-03-17 21:37:26] EDIT tcf/views/default/prenotazioni.html: 0
[2018-03-17 21:38:46] EDIT tcf/views/default/prenotazioni.html: 0
[2018-03-17 21:39:02] EDIT tcf/views/default/index.html: 0
[2018-03-17 21:39:29] EDIT tcf/controllers/default.py: 0
[2018-03-18 14:37:29] EDIT TCFnew/models/db.py: -2
[2018-03-18 15:11:21] EDIT TCFnew/models/db_tcf.py: 9
[2018-03-18 15:11:37] EDIT TCFnew/models/db_tcf.py: -1
[2018-03-18 15:14:40] EDIT TCFnew/models/db_tcf.py: 0
[2018-03-18 15:16:17] EDIT TCFnew/models/db_tcf.py: 1
[2018-03-18 15:23:44] EDIT TCFnew/models/menu.py: 0
[2018-03-18 15:28:09] EDIT TCFnew/models/db_tcf.py: 0
[2018-03-18 15:29:45] EDIT TCFnew/models/db_tcf.py: 0
[2018-03-18 15:31:07] EDIT TCFnew/models/db_tcf.py: 0
[2018-03-18 15:31:37] EDIT TCFnew/models/db_tcf.py: 0
[2018-03-18 15:36:42] EDIT TCFnew/controllers/default.py: 0
[2018-03-18 15:39:02] EDIT TCFnew/controllers/default.py: 0
[2018-03-18 15:45:33] EDIT TCFnew/controllers/default.py: -3
[2018-03-18 15:46:38] CREATE default/prenotazioni_utente.html: 0
[2018-03-18 15:47:05] EDIT TCFnew/views/default/prenotazioni_utente.html: 2
[2018-03-18 16:10:02] EDIT TCFnew/models/db_tcf.py: 1
[2018-03-18 16:12:49] EDIT TCFnew/controllers/default.py: 0
[2018-03-18 16:16:09] EDIT TCFnew/models/db_tcf.py: 0
[2018-03-18 16:19:47] EDIT TCFnew/models/db_tcf.py: 0
[2018-03-18 16:19:49] EDIT TCFnew/models/db_tcf.py: 0
[2018-03-18 16:20:17] EDIT TCFnew/models/db_tcf.py: 0
[2018-03-18 17:32:14] DELETE tcf/views/default/prenotazioni_socio.html: -5
[2018-03-18 17:46:09] EDIT tcf/controllers/default.py: 1
[2018-03-18 17:46:33] EDIT tcf/controllers/default.py: 0
[2018-03-18 17:49:13] EDIT tcf/controllers/default.py: 1
[2018-03-18 17:50:48] EDIT tcf/controllers/default.py: 1
[2018-03-18 17:51:12] EDIT tcf/controllers/default.py: 0
[2018-03-18 17:52:06] EDIT tcf/controllers/default.py: 0
[2018-03-18 17:55:18] EDIT tcf/controllers/default.py: 0
[2018-03-18 17:57:33] EDIT tcf/controllers/default.py: 0
[2018-03-18 18:00:34] EDIT tcf/controllers/default.py: 0
[2018-03-18 18:02:20] EDIT tcf/controllers/default.py: 0
[2018-03-18 18:02:28] EDIT tcf/controllers/default.py: 0
[2018-03-18 18:02:59] EDIT tcf/controllers/default.py: 0
[2018-03-18 18:05:33] EDIT tcf/controllers/default.py: 0
[2018-03-18 18:06:19] EDIT tcf/controllers/default.py: 1
[2018-03-18 18:06:57] EDIT tcf/controllers/default.py: -1
[2018-03-18 18:07:45] EDIT tcf/controllers/default.py: 0
[2018-03-18 18:08:02] EDIT tcf/controllers/default.py: 0
[2018-03-18 18:13:29] EDIT tcf/controllers/default.py: 0
[2018-03-18 18:13:57] EDIT tcf/controllers/default.py: 0
[2018-03-18 18:14:36] EDIT tcf/controllers/default.py: 0
[2018-03-18 18:15:06] EDIT tcf/controllers/default.py: 0
[2018-03-18 18:15:42] EDIT tcf/controllers/default.py: 1
[2018-03-18 18:16:25] EDIT tcf/controllers/default.py: 0
[2018-03-18 18:17:07] EDIT tcf/controllers/default.py: 0
[2018-03-18 18:18:55] EDIT tcf/controllers/default.py: 0
[2018-03-18 18:19:41] EDIT tcf/controllers/default.py: 0
[2018-03-18 18:30:06] EDIT tcf/views/default/prenotazioni.html: 0
[2018-03-18 18:30:44] EDIT tcf/controllers/default.py: 0
[2018-03-18 18:34:54] EDIT tcf/controllers/default.py: 0
[2018-03-18 18:35:29] EDIT tcf/controllers/default.py: 0
[2018-03-18 18:47:01] EDIT tcf/views/default/prenotazioni.html: 3
[2018-03-18 18:48:57] EDIT tcf/views/default/prenotazioni.html: 1
[2018-03-19 20:00:44] EDIT tcf/controllers/default.py: 0
[2018-03-19 20:03:17] EDIT tcf/controllers/default.py: 0
[2018-03-19 20:04:13] EDIT tcf/views/default/prenotazioni.html: 0
[2018-03-19 20:05:09] EDIT tcf/views/default/prenotazioni.html: 0
[2018-03-19 20:05:20] EDIT tcf/views/default/index.html: 0
[2018-03-19 20:29:36] EDIT tcf/views/default/prenotazioni.html: 15
[2018-03-19 20:30:17] EDIT tcf/views/default/prenotazioni.html: 0
[2018-03-19 20:32:50] EDIT tcf/views/default/prenotazioni.html: 0
[2018-03-19 20:33:13] EDIT tcf/views/default/prenotazioni.html: 0
[2018-03-19 20:33:23] EDIT tcf/views/default/prenotazioni.html: 0
[2018-03-19 20:36:38] EDIT tcf/views/default/prenotazioni.html: 4
[2018-03-19 20:41:35] EDIT tcf/views/default/prenotazioni.html: 0
[2018-03-19 20:43:55] EDIT tcf/views/default/prenotazioni.html: 0
[2018-03-19 20:48:17] EDIT tcf/views/default/prenotazioni.html: 0
[2018-03-19 20:51:54] EDIT tcf/views/default/index.html: 15
[2018-03-19 20:52:35] EDIT tcf/views/default/index.html: 0
[2018-03-19 21:02:51] EDIT tcf/views/default/index.html: 0
[2018-03-24 16:31:06] EDIT tcf/views/default/privacy.html: 0
[2018-03-24 16:31:28] EDIT tcf/views/default/privacy.html: 0
[2018-03-24 16:50:16] EDIT tcf/views/default/index.html: 0
[2018-03-24 16:55:15] EDIT tcf/views/default/privacy.html: 0
[2018-03-24 17:00:16] EDIT tcf/models/db.py: 1
[2018-03-24 17:00:55] EDIT tcf/models/db.py: -1
[2018-03-24 17:03:11] EDIT tcf/models/db.py: 1
[2018-03-24 17:06:10] EDIT tcf/models/db.py: -1
[2018-03-24 17:08:38] EDIT tcf/controllers/default.py: 0
[2018-03-25 16:06:11] EDIT tcf/views/default/prenotazioni.html: 1
[2018-03-25 16:06:58] EDIT tcf/views/default/prenotazioni.html: 1
[2018-03-25 16:07:53] EDIT tcf/views/default/prenotazioni.html: 4
[2018-03-25 16:10:08] EDIT tcf/views/default/prenotazioni.html: 0
[2018-03-25 16:12:00] EDIT tcf/views/default/prenotazioni.html: 0
[2018-03-25 16:12:32] EDIT tcf/views/default/prenotazioni.html: 0
[2018-03-25 16:14:43] EDIT tcf/views/default/prenotazioni.html: 1
[2018-03-25 16:15:35] EDIT tcf/views/default/prenotazioni.html: 0
[2018-03-25 16:17:03] EDIT tcf/views/default/prenotazioni.html: 0
[2018-03-25 16:18:17] EDIT tcf/views/default/prenotazioni.html: 2
[2018-03-25 16:20:20] EDIT tcf/views/default/prenotazioni.html: 0
[2018-03-25 16:21:01] EDIT tcf/views/default/prenotazioni.html: -4
[2018-03-25 16:21:13] EDIT tcf/views/default/prenotazioni.html: 0
[2018-03-25 16:21:58] EDIT tcf/views/default/prenotazioni.html: 0
[2018-03-25 16:22:16] EDIT tcf/views/default/prenotazioni.html: -1
[2018-03-25 16:23:38] EDIT tcf/views/default/prenotazioni.html: 1
[2018-03-25 16:24:44] EDIT tcf/views/default/prenotazioni.html: 1
[2018-03-25 16:31:58] EDIT tcf/views/default/prenotazioni.html: 6
[2018-03-25 16:33:23] EDIT tcf/views/default/prenotazioni.html: 0
[2018-03-25 16:34:14] EDIT tcf/views/default/prenotazioni.html: 0
[2018-03-25 16:34:40] EDIT tcf/views/default/prenotazioni.html: 0
[2018-03-25 16:35:09] EDIT tcf/views/default/prenotazioni.html: 0
[2018-03-25 16:36:47] EDIT tcf/views/default/prenotazioni.html: 0
[2018-03-25 16:41:33] EDIT tcf/views/default/prenotazioni.html: 0
[2018-03-25 16:44:52] EDIT tcf/views/default/prenotazioni.html: 0
[2018-03-25 16:48:32] EDIT tcf/views/default/prenotazioni.html: 0
[2018-03-25 16:48:50] EDIT tcf/views/default/prenotazioni.html: 0
[2018-03-25 16:49:33] EDIT tcf/views/default/prenotazioni.html: 0
[2018-03-25 16:49:54] EDIT tcf/views/default/prenotazioni.html: 0
[2018-03-25 16:50:13] EDIT tcf/views/default/prenotazioni.html: 0
[2018-03-25 16:50:33] EDIT tcf/views/default/prenotazioni.html: 0
[2018-03-25 16:50:58] EDIT tcf/views/default/prenotazioni.html: 0
[2018-03-25 16:53:06] EDIT tcf/views/default/prenotazioni.html: 0
[2018-03-25 16:53:29] EDIT tcf/views/default/prenotazioni.html: 0
[2018-03-25 16:53:54] EDIT tcf/views/default/prenotazioni.html: 0
[2018-03-25 16:54:46] EDIT tcf/views/default/prenotazioni.html: 0
[2018-03-25 16:55:07] EDIT tcf/views/default/prenotazioni.html: 0
[2018-03-25 16:55:27] EDIT tcf/views/default/prenotazioni.html: 0
[2018-03-25 16:55:47] EDIT tcf/views/default/index.html: 0
[2018-03-25 16:58:17] EDIT tcf/views/default/prenotazioni.html: 1
[2018-03-25 16:59:50] EDIT tcf/views/default/prenotazioni.html: 1
[2018-03-25 17:00:31] EDIT tcf/views/default/prenotazioni.html: 0
[2018-03-25 17:02:28] EDIT tcf/views/default/prenotazioni.html: 0
[2018-03-25 17:07:58] EDIT tcf/views/default/prenotazioni.html: 0
[2018-03-25 17:12:50] EDIT tcf/views/default/prenotazioni.html: 3
[2018-03-25 17:14:21] EDIT tcf/views/default/prenotazioni.html: 0
[2018-03-25 17:15:09] EDIT tcf/views/default/prenotazioni.html: 0
[2018-03-25 17:15:50] EDIT tcf/views/default/prenotazioni.html: 0
[2018-03-25 17:17:25] EDIT tcf/views/default/index.html: 0
[2018-03-25 17:19:58] EDIT tcf/views/default/prenotazioni.html: -1
[2018-03-25 17:21:52] EDIT tcf/views/default/prenotazioni.html: 0
[2018-03-25 17:22:11] EDIT tcf/views/default/prenotazioni.html: 0
[2018-03-25 17:22:21] EDIT tcf/views/default/prenotazioni.html: 0
[2018-03-25 17:22:52] EDIT tcf/views/default/prenotazioni.html: 0
[2018-03-25 17:27:01] EDIT tcf/views/default/index.html: 6
[2018-03-25 17:27:24] EDIT tcf/views/default/index.html: 0
[2018-03-25 17:28:25] EDIT tcf/views/default/index.html: 3
[2018-03-25 17:28:52] EDIT tcf/views/default/index.html: 0
[2018-03-25 17:29:23] EDIT tcf/views/default/index.html: 0
[2018-03-25 17:29:34] EDIT tcf/views/default/index.html: 0
[2018-03-25 17:30:07] EDIT tcf/views/default/index.html: 0
[2018-03-25 17:30:29] EDIT tcf/views/default/index.html: 0
[2018-03-25 17:30:41] EDIT tcf/views/default/index.html: 0
[2018-03-25 17:32:04] EDIT tcf/views/default/index.html: -9
[2018-03-25 17:46:31] EDIT tcf/views/default/index.html: 1
[2018-03-25 17:47:17] EDIT tcf/views/default/prenotazioni.html: 1
[2018-03-25 17:52:45] EDIT tcf/views/default/license.html: 0
[2018-03-25 17:53:04] EDIT tcf/views/default/license.html: 0
[2018-03-25 17:54:19] EDIT tcf/views/default/license.html: 0
[2018-03-25 17:58:35] CREATE default/utenti.html: 0
[2018-03-25 17:58:50] EDIT tcf/views/default/utenti.html: -1
[2018-03-26 20:16:25] EDIT tcf/models/db.py: 1
[2018-03-27 21:30:51] EDIT tcf/controllers/default.py: 1
[2018-03-27 21:31:25] EDIT tcf/models/db.py: -1
[2018-03-31 15:41:48] EDIT tcf/models/db.py: 1
[2018-04-18 18:47:21] EDIT tcf/views/layout.html: 1
[2018-04-18 18:52:09] EDIT tcf/views/layout.html: 0
[2018-04-20 18:22:06] EDIT tcf/models/db_tcf.py: 1
[2018-04-20 18:22:41] EDIT tcf/models/db_tcf.py: 0
[2018-04-22 16:34:41] EDIT tcf/views/default/index.html: 1
[2018-04-22 17:35:38] EDIT tcf/views/default/index.html: -1
[2018-04-22 17:36:25] CREATE default/cambia_sessione_vista.html: 0
[2018-04-23 14:47:50] EDIT tcf/views/layout.html: 0
[2018-04-23 14:49:17] EDIT tcf/views/layout.html: 0
[2018-04-23 14:50:09] EDIT tcf/views/layout.html: 0
[2018-04-23 18:52:47] EDIT tcf/models/db.py: -1
[2018-04-23 18:54:49] EDIT tcf/controllers/default.py: 1
[2018-04-23 18:58:23] EDIT tcf/controllers/default.py: 27
[2018-04-23 18:58:40] EDIT tcf/controllers/default.py: 1
[2018-04-23 18:58:49] EDIT tcf/controllers/default.py: -1
[2018-04-23 18:59:34] EDIT tcf/controllers/default.py: 1
[2018-04-23 19:48:12] EDIT tcf/views/default/prenotazioni.html: 0
[2018-04-23 19:49:57] EDIT tcf/views/default/prenotazioni.html: 1
[2018-04-23 19:50:21] EDIT tcf/views/default/prenotazioni.html: 0
[2018-04-23 19:55:48] EDIT tcf/views/default/prenotazioni.html: 0
[2018-04-23 19:57:48] EDIT tcf/views/default/prenotazioni.html: 0
[2018-04-23 20:03:22] EDIT tcf/views/default/prenotazioni.html: 0
[2018-04-23 22:05:58] EDIT tcf/views/default/prenotazioni.html: 0
[2018-04-23 22:07:20] EDIT tcf/views/default/prenotazioni.html: 1
[2018-04-23 22:09:25] EDIT tcf/views/default/prenotazioni.html: 1
[2018-04-23 22:12:37] EDIT tcf/views/default/prenotazioni.html: 1
[2018-04-23 22:18:08] EDIT tcf/views/default/prenotazioni.html: 0
[2018-04-23 22:18:41] EDIT tcf/views/default/prenotazioni.html: 0
[2018-04-23 22:21:44] EDIT tcf/views/default/prenotazioni.html: 0
[2018-04-23 22:23:44] EDIT tcf/views/default/prenotazioni.html: -2
[2018-04-23 22:24:32] EDIT tcf/views/default/prenotazioni.html: 0
[2018-04-23 22:25:26] EDIT tcf/views/default/prenotazioni.html: 0
[2018-04-23 22:28:22] EDIT tcf/views/default/prenotazioni.html: -1
[2018-04-23 22:28:24] EDIT tcf/views/default/prenotazioni.html: 0
[2018-04-23 22:36:06] EDIT tcf/views/default/prenotazioni.html: 0
